<?xml version="1.0" encoding="UTF-8" ?>
<testsuite tests="5" failures="1" name="com.automatizacija.calculator.CalculatorTest" time="0.06" errors="0" skipped="0">
  <properties>
[...]
</properties>
  <testcase classname="com.automatizacija.calculator.CalculatorTest" name="com.automatizacija.calculator.CalculatorTest.testDivide" time="0.028"/>
  <testcase classname="com.automatizacija.calculator.CalculatorTest" name="com.automatizacija.calculator.CalculatorTest.testSubtract" time="0"/>
  <testcase classname="com.automatizacija.calculator.CalculatorTest" name="com.automatizacija.calculator.CalculatorTest.testAdd" time="0"/>
  <testcase classname="com.automatizacija.calculator.CalculatorTest" name="com.automatizacija.calculator.CalculatorTest.testMultiply" time="0"/>
  <testcase classname="com.automatizacija.calculator.CalculatorTest" name="com.automatizacija.calculator.CalculatorTest.testDivideByZero" time="0.032">
    <failure message="expected: &lt;Can&apos;t divide by zero!&gt; but was: &lt;Can&apos;t divide by zero&gt;" type="org.opentest4j.AssertionFailedError">org.opentest4j.AssertionFailedError: expected: &lt;Can&apos;t divide by zero!&gt; but was: &lt;Can&apos;t divide by zero&gt;
	at org.junit.jupiter.api.AssertionUtils.fail(AssertionUtils.java:55)
	at org.junit.jupiter.api.AssertionUtils.failNotEqual(AssertionUtils.java:62)
	at org.junit.jupiter.api.AssertEquals.assertEquals(AssertEquals.java:182)
	at org.junit.jupiter.api.AssertEquals.assertEquals(AssertEquals.java:177)
	at org.junit.jupiter.api.Assertions.assertEquals(Assertions.java:1124)
	at com.automatizacija.calculator.CalculatorTest.testDivideByZero(CalculatorTest.java:56)
</failure>
  </testcase>
</testsuite>